mode: set
github.com/flohansen/chronos/cmd/chronos/main.go:13.13,19.2 4 0
github.com/flohansen/chronos/internal/http/mocks/scraper.go:31.65,35.2 3 0
github.com/flohansen/chronos/internal/http/mocks/scraper.go:38.63,40.2 1 0
github.com/flohansen/chronos/internal/http/mocks/scraper.go:43.72,49.2 5 0
github.com/flohansen/chronos/internal/http/mocks/scraper.go:52.64,55.2 2 0
github.com/flohansen/chronos/internal/http/scraper.go:29.45,33.2 1 1
github.com/flohansen/chronos/internal/http/scraper.go:41.52,45.35 3 1
github.com/flohansen/chronos/internal/http/scraper.go:45.35,46.13 1 1
github.com/flohansen/chronos/internal/http/scraper.go:46.13,47.8 1 1
github.com/flohansen/chronos/internal/http/scraper.go:47.8,49.33 2 1
github.com/flohansen/chronos/internal/http/scraper.go:49.33,52.6 2 1
github.com/flohansen/chronos/internal/http/scraper.go:57.2,57.15 1 1
github.com/flohansen/chronos/internal/http/scraper.go:62.78,63.9 1 1
github.com/flohansen/chronos/internal/http/scraper.go:64.20,65.27 1 1
github.com/flohansen/chronos/internal/http/scraper.go:66.36,70.17 3 1
github.com/flohansen/chronos/internal/http/scraper.go:70.17,72.4 1 0
github.com/flohansen/chronos/internal/http/scraper.go:74.3,75.17 2 1
github.com/flohansen/chronos/internal/http/scraper.go:75.17,77.4 1 1
github.com/flohansen/chronos/internal/http/scraper.go:79.3,79.13 1 1
github.com/flohansen/chronos/internal/http/mocks/scraper.go:31.65,35.2 3 1
github.com/flohansen/chronos/internal/http/mocks/scraper.go:38.63,40.2 1 1
github.com/flohansen/chronos/internal/http/mocks/scraper.go:43.72,49.2 5 1
github.com/flohansen/chronos/internal/http/mocks/scraper.go:52.64,55.2 2 1
